Current working directory: /home/qusta100
GNN Test
Val: {'MAE': 0.02957567758858204, 'RMSE': 0.03979209000510399}
Test: {'MAE': 0.02857348322868347, 'RMSE': 0.03737554181256012}
Experiment 1a - E10
Val: {'MAE': 0.029858453199267387, 'RMSE': 0.039479015431254934}
Test: {'MAE': 0.02875559963285923, 'RMSE': 0.03694789662986616}
Experiment 1b - Diesel
Val: {'MAE': 0.032809656113386154, 'RMSE': 0.043287240200863115}
Test: {'MAE': 0.03469233214855194, 'RMSE': 0.043148926901282296}
Experiment 1c - All Petrol Types
Val: {'MAE': 0.031990885734558105, 'RMSE': 0.04204177285330993}
Test: {'MAE': 0.0317903533577919, 'RMSE': 0.04019992919791167}
Experiment 2a - Only Prices
Val: {'MAE': 0.029684489592909813, 'RMSE': 0.039751205830252004}
Test: {'MAE': 0.0284443199634552, 'RMSE': 0.03711031768254003}
Experiment 2b - Prices and Days
Val: {'MAE': 0.02922957018017769, 'RMSE': 0.039974892471521785}
Test: {'MAE': 0.0276583731174469, 'RMSE': 0.03673374809444544}
Experiment 2c - Prices, Days and Time
Val: {'MAE': 0.029651280492544174, 'RMSE': 0.039532683788465604}
Test: {'MAE': 0.02864685282111168, 'RMSE': 0.03792315934689698}
Experiment 2d - Prices, Days, Time and Brand
Val: {'MAE': 0.030366482213139534, 'RMSE': 0.04217211439462961}
Test: {'MAE': 0.02930169738829136, 'RMSE': 0.03947305252776629}
Experiment 2e - Full features
Val: {'MAE': 0.032663337886333466, 'RMSE': 0.04338517704698496}
Test: {'MAE': 0.03255729004740715, 'RMSE': 0.041805244882297206}
Experiment 3a - Window Size: 16
Val: {'MAE': 0.029879679903388023, 'RMSE': 0.04013087776591364}
Test: {'MAE': 0.028731869533658028, 'RMSE': 0.03756932175566043}
Experiment 3b - Window Size: 32
Val: {'MAE': 0.029641110450029373, 'RMSE': 0.03982737014007652}
Test: {'MAE': 0.02851974591612816, 'RMSE': 0.037306358452267985}
Experiment 3c - Window Size: 48
Val: {'MAE': 0.02974669449031353, 'RMSE': 0.03987713086311477}
Test: {'MAE': 0.02864786796271801, 'RMSE': 0.03738021519685558}
Experiment 3d - Window Size: 96
Val: {'MAE': 0.02974053844809532, 'RMSE': 0.03980197873178127}
Test: {'MAE': 0.02852385677397251, 'RMSE': 0.037214486371471865}
Experiment 4a - Horizon: 4
Val: {'MAE': 0.029657073318958282, 'RMSE': 0.039793222192144616}
Test: {'MAE': 0.028621288016438484, 'RMSE': 0.0373852056202676}
Experiment 4b - Horizon: 8
Val: {'MAE': 0.029769862070679665, 'RMSE': 0.04006487026266164}
Test: {'MAE': 0.02855766750872135, 'RMSE': 0.037426030449913036}
Experiment 5a - Time Intervall: 30min
Val: {'MAE': 0.029352562502026558, 'RMSE': 0.039063768068235236}
Test: {'MAE': 0.028942717239260674, 'RMSE': 0.03848049541889134}
Experiment 5b - Time Intervall: 60min
Val: {'MAE': 0.030038079246878624, 'RMSE': 0.04093936375614187}
Test: {'MAE': 0.02864372730255127, 'RMSE': 0.038354856536708136}
Experiment 6a - First temporal, than spatial signals
Val: {'MAE': 0.030086643993854523, 'RMSE': 0.04015518857568038}
Test: {'MAE': 0.029145853593945503, 'RMSE': 0.037881533463575895}
Experiment 7a - Recurrent GNN
Val: {'MAE': 0.030164021998643875, 'RMSE': 0.04105334023824809}
Test: {'MAE': 0.028740936890244484, 'RMSE': 0.03798020646001667}
Experiment 7b - Attentional GNN
Val: {'MAE': 0.03319858759641647, 'RMSE': 0.04712895306024863}
Test: {'MAE': 0.031968701630830765, 'RMSE': 0.044897920503489015}
Experiment 8a - LSTM
Val: {'MAE': 0.028508568182587624, 'RMSE': 0.03782288016990374}
Test: {'MAE': 0.027789751067757607, 'RMSE': 0.035992425365812944}
Experiment 8b - Self-Attention
Val: {'MAE': 0.031345706433057785, 'RMSE': 0.04038090850015256}
Test: {'MAE': 0.030730517581105232, 'RMSE': 0.03879049188548335}
Experiment 8c - Self-Attention
Val: {'MAE': 0.03445659950375557, 'RMSE': 0.04781418917358588}
Test: {'MAE': 0.03349192440509796, 'RMSE': 0.04585988881149863}
Experiment 9a - Keep isolated Stations
Val: {'MAE': 0.030247295275330544, 'RMSE': 0.04059128284821779}
Test: {'MAE': 0.029259368777275085, 'RMSE': 0.03814286476905382}
Experiment 9b - Drop isolated Stations
Val: {'MAE': 0.030073005706071854, 'RMSE': 0.040237584437443616}
Test: {'MAE': 0.02899309992790222, 'RMSE': 0.0377705965556658}
Experiment 10 - Best Configuration
Val: {'MAE': 0.6175389885902405, 'RMSE': 0.9843318869217028}
Test: {'MAE': 0.7475467324256897, 'RMSE': 1.349573601387992}
