Current working directory: /home/qusta100
Baseline
Val: {'MAE': 0.02997484989464283, 'RMSE': 0.03962849705157236}
Test: {'MAE': 0.02855350635945797, 'RMSE': 0.036900850484869206}
Experiment 1a - E10
Val: {'MAE': 0.028985805809497833, 'RMSE': 0.0376949753770923}
Test: {'MAE': 0.027472149580717087, 'RMSE': 0.034916510671336935}
Experiment 1b - Diesel
Val: {'MAE': 0.0332198441028595, 'RMSE': 0.04316794488026138}
Test: {'MAE': 0.03555135801434517, 'RMSE': 0.04352176457938759}
Experiment 1c - All Petrol Types
Val: {'MAE': 0.032857198268175125, 'RMSE': 0.04274750232441195}
Test: {'MAE': 0.03331410512328148, 'RMSE': 0.04177862993545918}
Experiment 2a - Only Prices
Val: {'MAE': 0.029532071202993393, 'RMSE': 0.039148224703869486}
Test: {'MAE': 0.027852997183799744, 'RMSE': 0.036204579323915735}
Experiment 2b - Prices and Days
Val: {'MAE': 0.029722655192017555, 'RMSE': 0.040766394463069164}
Test: {'MAE': 0.028009280562400818, 'RMSE': 0.03717824386706496}
Experiment 2c - Prices, Days and Time
Val: {'MAE': 0.028369178995490074, 'RMSE': 0.03813099488385373}
Test: {'MAE': 0.02857079915702343, 'RMSE': 0.03716565714045843}
Experiment 2d - Prices, Days, Time and Brand
Val: {'MAE': 0.022803450003266335, 'RMSE': 0.03132802193879182}
Test: {'MAE': 0.022662200033664703, 'RMSE': 0.030474150275366353}
Experiment 2e - Full features
Val: {'MAE': 0.0348275825381279, 'RMSE': 0.04705316490431458}
Test: {'MAE': 0.03475428372621536, 'RMSE': 0.04751426924386708}
Experiment 3a - Window Size: 16
Val: {'MAE': 0.03120841644704342, 'RMSE': 0.04160361654288091}
Test: {'MAE': 0.030364442616701126, 'RMSE': 0.039421559207799}
Experiment 3b - Window Size: 32
Val: {'MAE': 0.0314272865653038, 'RMSE': 0.04188510359656427}
Test: {'MAE': 0.030575428158044815, 'RMSE': 0.039685272326520166}
Experiment 3c - Window Size: 48
Val: {'MAE': 0.031382005661726, 'RMSE': 0.04197305282176438}
Test: {'MAE': 0.03043087013065815, 'RMSE': 0.03966330046491829}
Experiment 3d - Window Size: 96
Val: {'MAE': 0.031106268987059593, 'RMSE': 0.04160070211344646}
Test: {'MAE': 0.030188169330358505, 'RMSE': 0.0393288413430782}
Experiment 4a - Horizon: 4
Val: {'MAE': 0.03145826235413551, 'RMSE': 0.04140469249009273}
Test: {'MAE': 0.03090725839138031, 'RMSE': 0.039674276179631214}
Experiment 4b - Horizon: 8
Val: {'MAE': 0.031721968203783035, 'RMSE': 0.04186208803692707}
Test: {'MAE': 0.03127356991171837, 'RMSE': 0.04035780385725589}
Experiment 5a - Time Intervall: 30min
Val: {'MAE': 0.03293272852897644, 'RMSE': 0.04258654356988665}
Test: {'MAE': 0.03168198838829994, 'RMSE': 0.04102890191446707}
Experiment 5b - Time Intervall: 60min
Val: {'MAE': 0.03171314299106598, 'RMSE': 0.04078030348095899}
Test: {'MAE': 0.031181268393993378, 'RMSE': 0.039988811872844095}
Experiment 6a - First temporal, than spatial signals
Val: {'MAE': 0.03015837073326111, 'RMSE': 0.03944440063005081}
Test: {'MAE': 0.028572093695402145, 'RMSE': 0.03668296356013269}
Experiment 7a - Recurrent GNN
Val: {'MAE': 0.03143199533224106, 'RMSE': 0.041982050714584655}
Test: {'MAE': 0.03054664097726345, 'RMSE': 0.039737752500773854}
Experiment 7b - Attentional GNN
Val: {'MAE': 0.030663765966892242, 'RMSE': 0.04076748959735438}
Test: {'MAE': 0.029959317296743393, 'RMSE': 0.03876207577872431}
Experiment 8a - LSTM
Val: {'MAE': 0.029459981247782707, 'RMSE': 0.03882334185359474}
Test: {'MAE': 0.028315182775259018, 'RMSE': 0.03642928596234794}
Experiment 8b - Self-Attention
Val: {'MAE': 0.029372358694672585, 'RMSE': 0.03863651490526514}
Test: {'MAE': 0.02787303738296032, 'RMSE': 0.03626080024798628}
Experiment 8c - Self-Attention
Val: {'MAE': 0.029321322217583656, 'RMSE': 0.03910295656407718}
Test: {'MAE': 0.027754953131079674, 'RMSE': 0.03657769015258222}
