Current working directory: /home/qusta100
Baseline
Val: {'MAE': 0.0323445200920105, 'RMSE': 0.043209182181420926}
Test: {'MAE': 0.03069409355521202, 'RMSE': 0.04080578081069318}
Experiment 1a - E10
Val: {'MAE': 0.030882202088832855, 'RMSE': 0.04098698206269211}
Test: {'MAE': 0.02916429191827774, 'RMSE': 0.038320518929589466}
Experiment 1b - Diesel
Val: {'MAE': 0.04381244629621506, 'RMSE': 0.05810918315267012}
Test: {'MAE': 0.04622337594628334, 'RMSE': 0.05844501651971465}
Experiment 1c - All Petrol Types
Val: {'MAE': 0.03423706814646721, 'RMSE': 0.04464372528671084}
Test: {'MAE': 0.03372124582529068, 'RMSE': 0.04334212096258454}
Experiment 2a - Only Prices
Val: {'MAE': 0.03371133282780647, 'RMSE': 0.044014205178211654}
Test: {'MAE': 0.032145023345947266, 'RMSE': 0.04180534373924805}
Experiment 2b - Prices and Days
Val: {'MAE': 0.03150918334722519, 'RMSE': 0.04039594018096804}
Test: {'MAE': 0.029737679287791252, 'RMSE': 0.03812243320812135}
Experiment 2c - Prices, Days and Time
Val: {'MAE': 0.022249750792980194, 'RMSE': 0.03092459576149761}
Test: {'MAE': 0.021851349622011185, 'RMSE': 0.029355276033234637}
Experiment 2d - Prices, Days, Time and Brand
Val: {'MAE': 0.022562548518180847, 'RMSE': 0.030847217746961652}
Test: {'MAE': 0.022448163479566574, 'RMSE': 0.02977204131790624}
Experiment 2e - Full features
Val: {'MAE': 0.034502528607845306, 'RMSE': 0.045806206196861494}
Test: {'MAE': 0.03338354825973511, 'RMSE': 0.04334352435539385}
Experiment 3a - Window Size: 16
Val: {'MAE': 0.03147582709789276, 'RMSE': 0.0410788593582092}
Test: {'MAE': 0.030605033040046692, 'RMSE': 0.03960413336635389}
Experiment 3b - Window Size: 32
Val: {'MAE': 0.029726264998316765, 'RMSE': 0.03756642282828113}
Test: {'MAE': 0.03049885667860508, 'RMSE': 0.03786639521570578}
Experiment 3c - Window Size: 48
Val: {'MAE': 0.042003437876701355, 'RMSE': 0.04982571531954412}
Test: {'MAE': 0.041268955916166306, 'RMSE': 0.04919436670117801}
Experiment 3d - Window Size: 96
Val: {'MAE': 0.030128564685583115, 'RMSE': 0.04271997290385565}
Test: {'MAE': 0.02747398428618908, 'RMSE': 0.03774051957322993}
Experiment 4a - Horizon: 4
Val: {'MAE': 0.03185771033167839, 'RMSE': 0.04017197540850055}
Test: {'MAE': 0.03075755573809147, 'RMSE': 0.03850370311577051}
Experiment 4b - Horizon: 8
Val: {'MAE': 0.030027350410819054, 'RMSE': 0.03861326342106178}
Test: {'MAE': 0.02913845330476761, 'RMSE': 0.037241230913764314}
Experiment 5a - Time Intervall: 30min
Val: {'MAE': 0.0327722430229187, 'RMSE': 0.04044856895226924}
Test: {'MAE': 0.033005066215991974, 'RMSE': 0.0402495532664466}
Experiment 5b - Time Intervall: 60min
Val: {'MAE': 0.036350350826978683, 'RMSE': 0.04589644387156258}
Test: {'MAE': 0.03588862344622612, 'RMSE': 0.0446132705560873}
Experiment 7a - Recurrent GNN
Val: {'MAE': 0.02914474718272686, 'RMSE': 0.03888588705902639}
Test: {'MAE': 0.027278147637844086, 'RMSE': 0.03590438135644834}
Experiment 7b - Attentional GNN
Val: {'MAE': 0.03114393912255764, 'RMSE': 0.04102095359293937}
Test: {'MAE': 0.02924206294119358, 'RMSE': 0.03828744734745456}
Experiment 8a - LSTM
Val: {'MAE': 0.03696822002530098, 'RMSE': 0.0482165396810179}
Test: {'MAE': 0.03548363223671913, 'RMSE': 0.04600684319765918}
Experiment 8b - Self-Attention
Val: {'MAE': 0.03095988743007183, 'RMSE': 0.0399623024568472}
Test: {'MAE': 0.029452083632349968, 'RMSE': 0.037703473561608754}
Experiment 8c - Self-Attention
Val: {'MAE': 0.030416913330554962, 'RMSE': 0.04002958714784054}
Test: {'MAE': 0.028657319024205208, 'RMSE': 0.03717281383891805}
